<?xml version="1.0" encoding="UTF-8"?>
<testng-results ignored="0" total="1" passed="0" failed="1" skipped="0">
  <reporter-output>
  </reporter-output>
  <suite started-at="2025-09-07T16:47:40 AST" name="Default suite" finished-at="2025-09-07T16:48:05 AST" duration-ms="25300">
    <groups>
      <group name="regression">
        <method signature="AddProductInCartTC.AddProductInCartScenario()[pri:0, instance:tests.AddProductInCartTC@6302bbb1]" name="AddProductInCartScenario" class="tests.AddProductInCartTC"/>
      </group> <!-- regression -->
    </groups>
    <test started-at="2025-09-07T16:47:40 AST" name="Default test" finished-at="2025-09-07T16:48:05 AST" duration-ms="25300">
      <class name="tests.AddProductInCartTC">
        <test-method is-config="true" signature="openBrowser()[pri:0, instance:tests.AddProductInCartTC@6302bbb1]" started-at="2025-09-07T16:47:40 AST" name="openBrowser" finished-at="2025-09-07T16:47:48 AST" duration-ms="7925" status="PASS">
          <reporter-output>
          </reporter-output>
        </test-method> <!-- openBrowser -->
        <test-method signature="AddProductInCartScenario()[pri:0, instance:tests.AddProductInCartTC@6302bbb1]" started-at="2025-09-07T16:47:48 AST" name="AddProductInCartScenario" finished-at="2025-09-07T16:47:55 AST" duration-ms="7010" status="FAIL">
          <exception class="java.lang.AssertionError">
            <message>
              <![CDATA[expected [2] but found [2]]]>
            </message>
            <full-stacktrace>
              <![CDATA[java.lang.AssertionError: expected [2] but found [2]
at org.testng.Assert.fail(Assert.java:111)
at org.testng.Assert.failNotEquals(Assert.java:1590)
at org.testng.Assert.assertEqualsImpl(Assert.java:150)
at org.testng.Assert.assertEquals(Assert.java:132)
at org.testng.Assert.assertEquals(Assert.java:644)
at tests.AddProductInCartTC.AddProductInCartScenario(AddProductInCartTC.java:70)
at java.base/jdk.internal.reflect.DirectMethodHandleAccessor.invoke(DirectMethodHandleAccessor.java:103)
at java.base/java.lang.reflect.Method.invoke(Method.java:580)
at org.testng.internal.invokers.MethodInvocationHelper.invokeMethod(MethodInvocationHelper.java:141)
at org.testng.internal.invokers.TestInvoker.invokeMethod(TestInvoker.java:687)
at org.testng.internal.invokers.TestInvoker.invokeTestMethod(TestInvoker.java:230)
at org.testng.internal.invokers.MethodRunner.runInSequence(MethodRunner.java:63)
at org.testng.internal.invokers.TestInvoker$MethodInvocationAgent.invoke(TestInvoker.java:995)
at org.testng.internal.invokers.TestInvoker.invokeTestMethods(TestInvoker.java:203)
at org.testng.internal.invokers.TestMethodWorker.invokeTestMethods(TestMethodWorker.java:154)
at org.testng.internal.invokers.TestMethodWorker.run(TestMethodWorker.java:134)
at java.base/java.util.ArrayList.forEach(ArrayList.java:1596)
at org.testng.TestRunner.privateRun(TestRunner.java:741)
at org.testng.TestRunner.run(TestRunner.java:616)
at org.testng.SuiteRunner.runTest(SuiteRunner.java:421)
at org.testng.SuiteRunner.runSequentially(SuiteRunner.java:413)
at org.testng.SuiteRunner.privateRun(SuiteRunner.java:373)
at org.testng.SuiteRunner.run(SuiteRunner.java:312)
at org.testng.SuiteRunnerWorker.runSuite(SuiteRunnerWorker.java:52)
at org.testng.SuiteRunnerWorker.run(SuiteRunnerWorker.java:95)
at org.testng.TestNG.runSuitesSequentially(TestNG.java:1274)
at org.testng.TestNG.runSuitesLocally(TestNG.java:1208)
at org.testng.TestNG.runSuites(TestNG.java:1112)
at org.testng.TestNG.run(TestNG.java:1079)
at org.testng.remote.AbstractRemoteTestNG.run(AbstractRemoteTestNG.java:115)
at org.testng.remote.RemoteTestNG.initAndRun(RemoteTestNG.java:293)
at org.testng.remote.RemoteTestNG.main(RemoteTestNG.java:91)
]]>
            </full-stacktrace>
          </exception> <!-- java.lang.AssertionError -->
          <reporter-output>
          </reporter-output>
        </test-method> <!-- AddProductInCartScenario -->
        <test-method is-config="true" signature="closeBrowser()[pri:0, instance:tests.AddProductInCartTC@6302bbb1]" started-at="2025-09-07T16:47:55 AST" name="closeBrowser" finished-at="2025-09-07T16:48:05 AST" duration-ms="10246" status="PASS">
          <reporter-output>
          </reporter-output>
        </test-method> <!-- closeBrowser -->
      </class> <!-- tests.AddProductInCartTC -->
    </test> <!-- Default test -->
  </suite> <!-- Default suite -->
</testng-results>
